2020-07-21 12:36:43.700  INFO 16876 --- [Test worker] b.r.QuestionRepositoryServiceMockitoTest : Starting QuestionRepositoryServiceMockitoTest on DESKTOP-AP3I71I with PID 16876 (started by OMKAR in E:\projects\java_spring\omkarlubal-me_buildout_qa\buildout)
2020-07-21 12:36:43.703  INFO 16876 --- [Test worker] b.r.QuestionRepositoryServiceMockitoTest : The following profiles are active: test
2020-07-21 12:36:46.790  INFO 16876 --- [Test worker] .s.d.r.c.RepositoryConfigurationDelegate : Bootstrapping Spring Data repositories in DEFAULT mode.
2020-07-21 12:36:47.681  INFO 16876 --- [Test worker] .s.d.r.c.RepositoryConfigurationDelegate : Finished Spring Data repository scanning in 862ms. Found 1 repository interfaces.
2020-07-21 12:36:52.635  INFO 16876 --- [Test worker] o.s.s.concurrent.ThreadPoolTaskExecutor  : Initializing ExecutorService 'applicationTaskExecutor'
2020-07-21 12:36:53.438  INFO 16876 --- [Test worker] o.s.b.a.mongo.embedded.EmbeddedMongo     : Download Version{3.5.5}:Windows:B64 : starting...
2020-07-21 12:36:56.588  INFO 16876 --- [Test worker] o.s.b.a.mongo.embedded.EmbeddedMongo     : Download Version{3.5.5}:Windows:B64 : DownloadSize: 245893992
2020-07-21 12:36:56.685  INFO 16876 --- [Test worker] o.s.b.a.mongo.embedded.EmbeddedMongo     : Download Version{3.5.5}:Windows:B64 : 0 %
2020-07-21 12:36:59.645  INFO 16876 --- [Test worker] o.s.b.a.mongo.embedded.EmbeddedMongo     : Download Version{3.5.5}:Windows:B64 : 10 %
2020-07-21 12:37:01.712  INFO 16876 --- [Test worker] o.s.b.a.mongo.embedded.EmbeddedMongo     : Download Version{3.5.5}:Windows:B64 : 20 %
2020-07-21 12:37:03.775  INFO 16876 --- [Test worker] o.s.b.a.mongo.embedded.EmbeddedMongo     : Download Version{3.5.5}:Windows:B64 : 30 %
2020-07-21 12:37:05.948  INFO 16876 --- [Test worker] o.s.b.a.mongo.embedded.EmbeddedMongo     : Download Version{3.5.5}:Windows:B64 : 40 %
2020-07-21 12:37:07.994  INFO 16876 --- [Test worker] o.s.b.a.mongo.embedded.EmbeddedMongo     : Download Version{3.5.5}:Windows:B64 : 50 %
2020-07-21 12:37:10.056  INFO 16876 --- [Test worker] o.s.b.a.mongo.embedded.EmbeddedMongo     : Download Version{3.5.5}:Windows:B64 : 60 %
2020-07-21 12:37:12.263  INFO 16876 --- [Test worker] o.s.b.a.mongo.embedded.EmbeddedMongo     : Download Version{3.5.5}:Windows:B64 : 70 %
2020-07-21 12:37:14.355  INFO 16876 --- [Test worker] o.s.b.a.mongo.embedded.EmbeddedMongo     : Download Version{3.5.5}:Windows:B64 : 80 %
2020-07-21 12:37:16.488  INFO 16876 --- [Test worker] o.s.b.a.mongo.embedded.EmbeddedMongo     : Download Version{3.5.5}:Windows:B64 : 90 %
2020-07-21 12:37:18.556  INFO 16876 --- [Test worker] o.s.b.a.mongo.embedded.EmbeddedMongo     : Download Version{3.5.5}:Windows:B64 : 100 %
2020-07-21 12:37:18.557  INFO 16876 --- [Test worker] o.s.b.a.mongo.embedded.EmbeddedMongo     : Download Version{3.5.5}:Windows:B64 : downloaded with 11434kb/s
2020-07-21 12:37:18.558  INFO 16876 --- [Test worker] o.s.b.a.mongo.embedded.EmbeddedMongo     : Download Version{3.5.5}:Windows:B64 : finished
2020-07-21 12:37:18.606  INFO 16876 --- [Test worker] o.s.b.a.mongo.embedded.EmbeddedMongo     : Extract C:\Users\OMKAR\.embedmongo\win32\mongodb-win32-x86_64-3.5.5.zip : starting...
2020-07-21 12:37:19.763  INFO 16876 --- [Test worker] o.s.b.a.mongo.embedded.EmbeddedMongo     : Extract C:\Users\OMKAR\.embedmongo\win32\mongodb-win32-x86_64-3.5.5.zip : extract mongodb-win32-x86_64-3.5.5/bin/mongod.exe
2020-07-21 12:37:19.764  INFO 16876 --- [Test worker] o.s.b.a.mongo.embedded.EmbeddedMongo     : Extract C:\Users\OMKAR\.embedmongo\win32\mongodb-win32-x86_64-3.5.5.zip : nothing left
2020-07-21 12:37:19.765  INFO 16876 --- [Test worker] o.s.b.a.mongo.embedded.EmbeddedMongo     : Extract C:\Users\OMKAR\.embedmongo\win32\mongodb-win32-x86_64-3.5.5.zip : finished
2020-07-21 12:38:36.491  INFO 16876 --- [Thread-6] o.s.b.a.mongo.embedded.EmbeddedMongo     : note: noprealloc may hurt performance in many applications
2020-07-21 12:38:36.496  INFO 16876 --- [Thread-6] o.s.b.a.mongo.embedded.EmbeddedMongo     : 2020-07-21T12:38:12.644+0530 I CONTROL  [initandlisten] MongoDB starting : pid=21112 port=61920 dbpath=C:\Users\OMKAR\AppData\Local\Temp\embedmongo-db-5e0f3e3e-edb1-4bed-a1d9-a49fc90ffb83 64-bit host=DESKTOP-AP3I71I
2020-07-21 12:38:36.497  INFO 16876 --- [Thread-6] o.s.b.a.mongo.embedded.EmbeddedMongo     : 2020-07-21T12:38:12.645+0530 I CONTROL  [initandlisten] targetMinOS: Windows Vista/Windows Server 2008
2020-07-21 12:38:36.498  INFO 16876 --- [Thread-6] o.s.b.a.mongo.embedded.EmbeddedMongo     : 2020-07-21T12:38:12.645+0530 I CONTROL  [initandlisten] db version v3.5.5
2020-07-21 12:38:36.498  INFO 16876 --- [Thread-6] o.s.b.a.mongo.embedded.EmbeddedMongo     : 2020-07-21T12:38:12.645+0530 I CONTROL  [initandlisten] git version: 98515c812b6fa893613f063dae568ff8319cbfbd
2020-07-21 12:38:36.499  INFO 16876 --- [Thread-6] o.s.b.a.mongo.embedded.EmbeddedMongo     : 2020-07-21T12:38:12.645+0530 I CONTROL  [initandlisten] allocator: tcmalloc
2020-07-21 12:38:36.500  INFO 16876 --- [Thread-6] o.s.b.a.mongo.embedded.EmbeddedMongo     : 2020-07-21T12:38:12.645+0530 I CONTROL  [initandlisten] modules: none
2020-07-21 12:38:36.501  INFO 16876 --- [Thread-6] o.s.b.a.mongo.embedded.EmbeddedMongo     : 2020-07-21T12:38:12.645+0530 I CONTROL  [initandlisten] build environment:
2020-07-21 12:38:36.502  INFO 16876 --- [Thread-6] o.s.b.a.mongo.embedded.EmbeddedMongo     : 2020-07-21T12:38:12.645+0530 I CONTROL  [initandlisten]     distarch: x86_64
2020-07-21 12:38:36.503  INFO 16876 --- [Thread-6] o.s.b.a.mongo.embedded.EmbeddedMongo     : 2020-07-21T12:38:12.645+0530 I CONTROL  [initandlisten]     target_arch: x86_64
2020-07-21 12:38:36.504  INFO 16876 --- [Thread-6] o.s.b.a.mongo.embedded.EmbeddedMongo     : 2020-07-21T12:38:12.645+0530 I CONTROL  [initandlisten] options: { net: { bindIp: "127.0.0.1", http: { enabled: false }, port: 61920 }, security: { authorization: "disabled" }, storage: { dbPath: "C:\Users\OMKAR\AppData\Local\Temp\embedmongo-db-5e0f3e3e-edb1-4bed-a1d9-a49fc90ffb83", journal: { enabled: false }, mmapv1: { preallocDataFiles: false, smallFiles: true }, syncPeriodSecs: 0.0 } }
2020-07-21 12:38:36.512  INFO 16876 --- [Thread-6] o.s.b.a.mongo.embedded.EmbeddedMongo     : 2020-07-21T12:38:12.646+0530 I STORAGE  [initandlisten] wiredtiger_open config: create,cache_size=3513M,session_max=20000,eviction=(threads_min=4,threads_max=4),config_base=false,statistics=(fast),log=(enabled=true,archive=true,path=journal,compressor=snappy),file_manager=(close_idle_time=100000),checkpoint=(wait=0,log_size=2GB),statistics_log=(wait=0),verbose=(recovery_progress),,log=(enabled=false),
2020-07-21 12:38:36.513  INFO 16876 --- [Thread-6] o.s.b.a.mongo.embedded.EmbeddedMongo     : 2020-07-21T12:38:12.800+0530 W STORAGE  [initandlisten] Detected configuration for non-active storage engine mmapv1 when current storage engine is wiredTiger
2020-07-21 12:38:36.513  INFO 16876 --- [Thread-6] o.s.b.a.mongo.embedded.EmbeddedMongo     : 2020-07-21T12:38:12.800+0530 I CONTROL  [initandlisten] 
2020-07-21 12:38:36.514  INFO 16876 --- [Thread-6] o.s.b.a.mongo.embedded.EmbeddedMongo     : 2020-07-21T12:38:12.800+0530 I CONTROL  [initandlisten] ** NOTE: This is a development version (3.5.5) of MongoDB.
2020-07-21 12:38:36.515  INFO 16876 --- [Thread-6] o.s.b.a.mongo.embedded.EmbeddedMongo     : 2020-07-21T12:38:12.800+0530 I CONTROL  [initandlisten] **       Not recommended for production.
2020-07-21 12:38:36.515  INFO 16876 --- [Thread-6] o.s.b.a.mongo.embedded.EmbeddedMongo     : 2020-07-21T12:38:12.800+0530 I CONTROL  [initandlisten] 
2020-07-21 12:38:36.515  INFO 16876 --- [Thread-6] o.s.b.a.mongo.embedded.EmbeddedMongo     : 2020-07-21T12:38:20.069+0530 I FTDC     [initandlisten] Initializing full-time diagnostic data capture with directory 'C:/Users/OMKAR/AppData/Local/Temp/embedmongo-db-5e0f3e3e-edb1-4bed-a1d9-a49fc90ffb83/diagnostic.data'
2020-07-21 12:38:36.516  INFO 16876 --- [Thread-6] o.s.b.a.mongo.embedded.EmbeddedMongo     : 2020-07-21T12:38:20.736+0530 I INDEX    [initandlisten] build index on: admin.system.version properties: { v: 2, key: { version: 1 }, name: "incompatible_with_version_32", ns: "admin.system.version" }
2020-07-21 12:38:36.517  INFO 16876 --- [Thread-6] o.s.b.a.mongo.embedded.EmbeddedMongo     : 2020-07-21T12:38:20.736+0530 I INDEX    [initandlisten] 	 building index using bulk method; build may temporarily use up to 500 megabytes of RAM
2020-07-21 12:38:36.518  INFO 16876 --- [Thread-6] o.s.b.a.mongo.embedded.EmbeddedMongo     : 2020-07-21T12:38:20.746+0530 I INDEX    [initandlisten] build index done.  scanned 0 total records. 0 secs
2020-07-21 12:38:36.518  INFO 16876 --- [Thread-6] o.s.b.a.mongo.embedded.EmbeddedMongo     : 2020-07-21T12:38:20.747+0530 I COMMAND  [initandlisten] setting featureCompatibilityVersion to 3.4
2020-07-21 12:38:36.520  INFO 16876 --- [Thread-6] o.s.b.a.mongo.embedded.EmbeddedMongo     : 2020-07-21T12:38:20.753+0530 I NETWORK  [thread1] waiting for connections on port 61920
2020-07-21 12:38:36.521  INFO 16876 --- [Test worker] d.f.embed.mongo.MongodExecutable         : start de.flapdoodle.embed.mongo.config.MongodConfigBuilder$ImmutableMongodConfig@522821b7
2020-07-21 12:38:36.840  INFO 16876 --- [Test worker] org.mongodb.driver.cluster               : Cluster created with settings {hosts=[localhost:61920], mode=MULTIPLE, requiredClusterType=UNKNOWN, serverSelectionTimeout='30000 ms', maxWaitQueueSize=500}
2020-07-21 12:38:36.840  INFO 16876 --- [Test worker] org.mongodb.driver.cluster               : Adding discovered server localhost:61920 to client view of cluster
2020-07-21 12:38:37.008  INFO 16876 --- [Thread-6] o.s.b.a.mongo.embedded.EmbeddedMongo     : 2020-07-21T12:38:37.007+0530 I NETWORK  [thread1] connection accepted from 127.0.0.1:61967 #1 (1 connection now open)
2020-07-21 12:38:37.054  INFO 16876 --- [Thread-6] o.s.b.a.mongo.embedded.EmbeddedMongo     : 2020-07-21T12:38:37.054+0530 I NETWORK  [conn1] received client metadata from 127.0.0.1:61967 conn1: { driver: { name: "mongo-java-driver|legacy", version: "3.11.1" }, os: { type: "Windows", name: "Windows 10", architecture: "amd64", version: "10.0" }, platform: "Java/Oracle Corporation/1.8.0_161-b12" }
2020-07-21 12:38:37.120  INFO 16876 --- [cluster-ClusterId{value='5f169474013b167aef386360', description='null'}-localhost:61920] org.mongodb.driver.connection            : Opened connection [connectionId{localValue:1, serverValue:1}] to localhost:61920
2020-07-21 12:38:37.130  INFO 16876 --- [cluster-ClusterId{value='5f169474013b167aef386360', description='null'}-localhost:61920] org.mongodb.driver.cluster               : Monitor thread successfully connected to server with description ServerDescription{address=localhost:61920, type=STANDALONE, state=CONNECTED, ok=true, version=ServerVersion{versionList=[3, 5, 5]}, minWireVersion=0, maxWireVersion=5, maxDocumentSize=16777216, logicalSessionTimeoutMinutes=null, roundTripTimeNanos=3664500}
2020-07-21 12:38:37.134  INFO 16876 --- [cluster-ClusterId{value='5f169474013b167aef386360', description='null'}-localhost:61920] org.mongodb.driver.cluster               : Discovered cluster type of STANDALONE
2020-07-21 12:38:37.382  WARN 16876 --- [Test worker] o.s.data.convert.CustomConversions       : Registering converter from class java.time.LocalDateTime to class java.time.Instant as reading converter although it doesn't convert from a store-supported type! You might wanna check you annotation setup at the converter implementation.
2020-07-21 12:38:37.383  WARN 16876 --- [Test worker] o.s.data.convert.CustomConversions       : Registering converter from class java.time.Instant to class java.time.LocalDateTime as reading converter although it doesn't convert from a store-supported type! You might wanna check you annotation setup at the converter implementation.
2020-07-21 12:38:37.933  WARN 16876 --- [Test worker] o.s.data.convert.CustomConversions       : Registering converter from class java.time.LocalDateTime to class java.time.Instant as reading converter although it doesn't convert from a store-supported type! You might wanna check you annotation setup at the converter implementation.
2020-07-21 12:38:37.934  WARN 16876 --- [Test worker] o.s.data.convert.CustomConversions       : Registering converter from class java.time.Instant to class java.time.LocalDateTime as reading converter although it doesn't convert from a store-supported type! You might wanna check you annotation setup at the converter implementation.
2020-07-21 12:38:41.109  INFO 16876 --- [Test worker] o.s.b.a.e.web.EndpointLinksResolver      : Exposing 2 endpoint(s) beneath base path '/actuator'
2020-07-21 12:38:41.274  INFO 16876 --- [Test worker] b.r.QuestionRepositoryServiceMockitoTest : Started QuestionRepositoryServiceMockitoTest in 118.674 seconds (JVM running for 124.84)
2020-07-21 12:38:42.346  INFO 16876 --- [Thread-6] o.s.b.a.mongo.embedded.EmbeddedMongo     : 2020-07-21T12:38:42.346+0530 I NETWORK  [thread1] connection accepted from 127.0.0.1:61969 #2 (2 connections now open)
2020-07-21 12:38:42.347  INFO 16876 --- [Thread-6] o.s.b.a.mongo.embedded.EmbeddedMongo     : 2020-07-21T12:38:42.347+0530 I NETWORK  [conn2] received client metadata from 127.0.0.1:61969 conn2: { driver: { name: "mongo-java-driver|legacy", version: "3.11.1" }, os: { type: "Windows", name: "Windows 10", architecture: "amd64", version: "10.0" }, platform: "Java/Oracle Corporation/1.8.0_161-b12" }
2020-07-21 12:38:42.351  INFO 16876 --- [Test worker] org.mongodb.driver.connection            : Opened connection [connectionId{localValue:2, serverValue:2}] to localhost:61920
2020-07-21 12:38:42.518  INFO 16876 --- [Thread-6] o.s.b.a.mongo.embedded.EmbeddedMongo     : 2020-07-21T12:38:42.517+0530 I COMMAND  [conn2] command quiz-database.question command: insert { insert: "question", ordered: true, documents: [ { _id: ObjectId('5f16947a013b167aef386361'), question_id: "001", title: "What is the default IP address of localhost?", description: "General question", type: "objective-single", options: { 1: "0.0.0.0", 2: "192.168.0.12", 3: "127.0.0.1", 4: "255.255.255.255" }, correct_answer: [ "4" ], _class: "com.omkarlubal.quiz.model.QuestionEntity" } ] } ninserted:1 keysInserted:1 numYields:0 reslen:44 locks:{ Global: { acquireCount: { r: 3, w: 3 } }, Database: { acquireCount: { w: 2, W: 1 } }, Collection: { acquireCount: { w: 2 } } } protocol:op_query 128ms
2020-07-21 12:38:44.228  INFO 16876 --- [Thread-6] o.s.b.a.mongo.embedded.EmbeddedMongo     : 2020-07-21T12:38:44.229+0530 I COMMAND  [conn2] CMD: drop quiz-database.question
2020-07-21 12:38:44.252  INFO 16876 --- [Test worker] .b.t.c.SpringBootTestContextBootstrapper : Neither @ContextConfiguration nor @ContextHierarchy found for test class [com.crio.buildouts.repositoryservices.QuestionRepositoryServiceTest], using SpringBootContextLoader
2020-07-21 12:38:44.254  INFO 16876 --- [Test worker] o.s.t.c.support.AbstractContextLoader    : Could not detect default resource locations for test class [com.crio.buildouts.repositoryservices.QuestionRepositoryServiceTest]: no resource found for suffixes {-context.xml, Context.groovy}.
2020-07-21 12:38:44.259  INFO 16876 --- [Test worker] .b.t.c.SpringBootTestContextBootstrapper : Loaded default TestExecutionListener class names from location [META-INF/spring.factories]: [org.springframework.boot.test.autoconfigure.restdocs.RestDocsTestExecutionListener, org.springframework.boot.test.autoconfigure.web.client.MockRestServiceServerResetTestExecutionListener, org.springframework.boot.test.autoconfigure.web.servlet.MockMvcPrintOnlyOnFailureTestExecutionListener, org.springframework.boot.test.autoconfigure.web.servlet.WebDriverTestExecutionListener, org.springframework.boot.test.mock.mockito.MockitoTestExecutionListener, org.springframework.boot.test.mock.mockito.ResetMocksTestExecutionListener, org.springframework.test.context.web.ServletTestExecutionListener, org.springframework.test.context.support.DirtiesContextBeforeModesTestExecutionListener, org.springframework.test.context.support.DependencyInjectionTestExecutionListener, org.springframework.test.context.support.DirtiesContextTestExecutionListener, org.springframework.test.context.transaction.TransactionalTestExecutionListener, org.springframework.test.context.jdbc.SqlScriptsTestExecutionListener, org.springframework.test.context.event.EventPublishingTestExecutionListener]
2020-07-21 12:38:44.260  INFO 16876 --- [Test worker] .b.t.c.SpringBootTestContextBootstrapper : Using TestExecutionListeners: [org.springframework.test.context.web.ServletTestExecutionListener@5ea7d617, org.springframework.test.context.support.DirtiesContextBeforeModesTestExecutionListener@3dc4618f, org.springframework.boot.test.mock.mockito.MockitoTestExecutionListener@778de8ff, org.springframework.boot.test.autoconfigure.SpringBootDependencyInjectionTestExecutionListener@7807a0e4, org.springframework.test.context.support.DirtiesContextTestExecutionListener@18f0c69d, org.springframework.test.context.transaction.TransactionalTestExecutionListener@6261415, org.springframework.test.context.jdbc.SqlScriptsTestExecutionListener@1ef4ce3e, org.springframework.test.context.event.EventPublishingTestExecutionListener@5b314d84, org.springframework.boot.test.autoconfigure.restdocs.RestDocsTestExecutionListener@456bbc51, org.springframework.boot.test.autoconfigure.web.client.MockRestServiceServerResetTestExecutionListener@73db8e55, org.springframework.boot.test.autoconfigure.web.servlet.MockMvcPrintOnlyOnFailureTestExecutionListener@4be63b2e, org.springframework.boot.test.autoconfigure.web.servlet.WebDriverTestExecutionListener@1aea12bb, org.springframework.boot.test.mock.mockito.ResetMocksTestExecutionListener@27bbc83]
2020-07-21 12:38:44.309  INFO 16876 --- [Test worker] c.c.b.r.QuestionRepositoryServiceTest    : Starting QuestionRepositoryServiceTest on DESKTOP-AP3I71I with PID 16876 (started by OMKAR in E:\projects\java_spring\omkarlubal-me_buildout_qa\buildout)
2020-07-21 12:38:44.309  INFO 16876 --- [Test worker] c.c.b.r.QuestionRepositoryServiceTest    : The following profiles are active: test
2020-07-21 12:38:46.415  INFO 16876 --- [Test worker] .s.d.r.c.RepositoryConfigurationDelegate : Bootstrapping Spring Data repositories in DEFAULT mode.
2020-07-21 12:38:46.435  INFO 16876 --- [Test worker] .s.d.r.c.RepositoryConfigurationDelegate : Finished Spring Data repository scanning in 19ms. Found 1 repository interfaces.
2020-07-21 12:39:24.015  INFO 16876 --- [Thread-9] o.s.b.a.mongo.embedded.EmbeddedMongo     : note: noprealloc may hurt performance in many applications
2020-07-21 12:39:24.415  INFO 16876 --- [Thread-9] o.s.b.a.mongo.embedded.EmbeddedMongo     : 2020-07-21T12:39:24.414+0530 I CONTROL  [initandlisten] MongoDB starting : pid=3468 port=61987 dbpath=C:\Users\OMKAR\AppData\Local\Temp\embedmongo-db-8e29dceb-dae0-4fa6-b499-0a05b633d405 64-bit host=DESKTOP-AP3I71I
2020-07-21 12:39:24.416  INFO 16876 --- [Thread-9] o.s.b.a.mongo.embedded.EmbeddedMongo     : 2020-07-21T12:39:24.415+0530 I CONTROL  [initandlisten] targetMinOS: Windows Vista/Windows Server 2008
2020-07-21 12:39:24.417  INFO 16876 --- [Thread-9] o.s.b.a.mongo.embedded.EmbeddedMongo     : 2020-07-21T12:39:24.415+0530 I CONTROL  [initandlisten] db version v3.5.5
2020-07-21 12:39:24.417  INFO 16876 --- [Thread-9] o.s.b.a.mongo.embedded.EmbeddedMongo     : 2020-07-21T12:39:24.415+0530 I CONTROL  [initandlisten] git version: 98515c812b6fa893613f063dae568ff8319cbfbd
2020-07-21 12:39:24.418  INFO 16876 --- [Thread-9] o.s.b.a.mongo.embedded.EmbeddedMongo     : 2020-07-21T12:39:24.415+0530 I CONTROL  [initandlisten] allocator: tcmalloc
2020-07-21 12:39:24.418  INFO 16876 --- [Thread-9] o.s.b.a.mongo.embedded.EmbeddedMongo     : 2020-07-21T12:39:24.415+0530 I CONTROL  [initandlisten] modules: none
2020-07-21 12:39:24.419  INFO 16876 --- [Thread-9] o.s.b.a.mongo.embedded.EmbeddedMongo     : 2020-07-21T12:39:24.415+0530 I CONTROL  [initandlisten] build environment:
2020-07-21 12:39:24.419  INFO 16876 --- [Thread-9] o.s.b.a.mongo.embedded.EmbeddedMongo     : 2020-07-21T12:39:24.415+0530 I CONTROL  [initandlisten]     distarch: x86_64
2020-07-21 12:39:24.420  INFO 16876 --- [Thread-9] o.s.b.a.mongo.embedded.EmbeddedMongo     : 2020-07-21T12:39:24.415+0530 I CONTROL  [initandlisten]     target_arch: x86_64
2020-07-21 12:39:24.420  INFO 16876 --- [Thread-9] o.s.b.a.mongo.embedded.EmbeddedMongo     : 2020-07-21T12:39:24.415+0530 I CONTROL  [initandlisten] options: { net: { bindIp: "127.0.0.1", http: { enabled: false }, port: 61987 }, security: { authorization: "disabled" }, storage: { dbPath: "C:\Users\OMKAR\AppData\Local\Temp\embedmongo-db-8e29dceb-dae0-4fa6-b499-0a05b633d405", journal: { enabled: false }, mmapv1: { preallocDataFiles: false, smallFiles: true }, syncPeriodSecs: 0.0 } }
2020-07-21 12:39:24.579  INFO 16876 --- [Thread-9] o.s.b.a.mongo.embedded.EmbeddedMongo     : 2020-07-21T12:39:24.579+0530 I STORAGE  [initandlisten] wiredtiger_open config: create,cache_size=3513M,session_max=20000,eviction=(threads_min=4,threads_max=4),config_base=false,statistics=(fast),log=(enabled=true,archive=true,path=journal,compressor=snappy),file_manager=(close_idle_time=100000),checkpoint=(wait=0,log_size=2GB),statistics_log=(wait=0),verbose=(recovery_progress),,log=(enabled=false),
2020-07-21 12:39:25.059  INFO 16876 --- [Thread-9] o.s.b.a.mongo.embedded.EmbeddedMongo     : 2020-07-21T12:39:25.060+0530 W STORAGE  [initandlisten] Detected configuration for non-active storage engine mmapv1 when current storage engine is wiredTiger
2020-07-21 12:39:25.060  INFO 16876 --- [Thread-9] o.s.b.a.mongo.embedded.EmbeddedMongo     : 2020-07-21T12:39:25.060+0530 I CONTROL  [initandlisten] 
2020-07-21 12:39:25.061  INFO 16876 --- [Thread-9] o.s.b.a.mongo.embedded.EmbeddedMongo     : 2020-07-21T12:39:25.060+0530 I CONTROL  [initandlisten] ** NOTE: This is a development version (3.5.5) of MongoDB.
2020-07-21 12:39:25.061  INFO 16876 --- [Thread-9] o.s.b.a.mongo.embedded.EmbeddedMongo     : 2020-07-21T12:39:25.060+0530 I CONTROL  [initandlisten] **       Not recommended for production.
2020-07-21 12:39:25.062  INFO 16876 --- [Thread-9] o.s.b.a.mongo.embedded.EmbeddedMongo     : 2020-07-21T12:39:25.060+0530 I CONTROL  [initandlisten] 
2020-07-21 12:39:27.734  INFO 16876 --- [Thread-9] o.s.b.a.mongo.embedded.EmbeddedMongo     : 2020-07-21T12:39:27.734+0530 I FTDC     [initandlisten] Initializing full-time diagnostic data capture with directory 'C:/Users/OMKAR/AppData/Local/Temp/embedmongo-db-8e29dceb-dae0-4fa6-b499-0a05b633d405/diagnostic.data'
2020-07-21 12:39:27.817  INFO 16876 --- [Thread-9] o.s.b.a.mongo.embedded.EmbeddedMongo     : 2020-07-21T12:39:27.817+0530 I INDEX    [initandlisten] build index on: admin.system.version properties: { v: 2, key: { version: 1 }, name: "incompatible_with_version_32", ns: "admin.system.version" }
2020-07-21 12:39:27.818  INFO 16876 --- [Thread-9] o.s.b.a.mongo.embedded.EmbeddedMongo     : 2020-07-21T12:39:27.817+0530 I INDEX    [initandlisten] 	 building index using bulk method; build may temporarily use up to 500 megabytes of RAM
2020-07-21 12:39:27.822  INFO 16876 --- [Thread-9] o.s.b.a.mongo.embedded.EmbeddedMongo     : 2020-07-21T12:39:27.822+0530 I INDEX    [initandlisten] build index done.  scanned 0 total records. 0 secs
2020-07-21 12:39:27.824  INFO 16876 --- [Thread-9] o.s.b.a.mongo.embedded.EmbeddedMongo     : 2020-07-21T12:39:27.824+0530 I COMMAND  [initandlisten] setting featureCompatibilityVersion to 3.4
2020-07-21 12:39:27.825  INFO 16876 --- [Thread-9] o.s.b.a.mongo.embedded.EmbeddedMongo     : 2020-07-21T12:39:27.826+0530 I NETWORK  [thread1] waiting for connections on port 61987
2020-07-21 12:39:27.826  INFO 16876 --- [Test worker] d.f.embed.mongo.MongodExecutable         : start de.flapdoodle.embed.mongo.config.MongodConfigBuilder$ImmutableMongodConfig@62ef420
2020-07-21 12:39:27.834  INFO 16876 --- [Test worker] org.mongodb.driver.cluster               : Cluster created with settings {hosts=[localhost:61987], mode=MULTIPLE, requiredClusterType=UNKNOWN, serverSelectionTimeout='30000 ms', maxWaitQueueSize=500}
2020-07-21 12:39:27.834  INFO 16876 --- [Test worker] org.mongodb.driver.cluster               : Adding discovered server localhost:61987 to client view of cluster
2020-07-21 12:39:27.840  INFO 16876 --- [Thread-9] o.s.b.a.mongo.embedded.EmbeddedMongo     : 2020-07-21T12:39:27.840+0530 I NETWORK  [thread1] connection accepted from 127.0.0.1:61993 #1 (1 connection now open)
2020-07-21 12:39:27.842  INFO 16876 --- [Thread-9] o.s.b.a.mongo.embedded.EmbeddedMongo     : 2020-07-21T12:39:27.842+0530 I NETWORK  [conn1] received client metadata from 127.0.0.1:61993 conn1: { driver: { name: "mongo-java-driver|legacy", version: "3.11.1" }, os: { type: "Windows", name: "Windows 10", architecture: "amd64", version: "10.0" }, platform: "Java/Oracle Corporation/1.8.0_161-b12" }
2020-07-21 12:39:27.847  INFO 16876 --- [cluster-ClusterId{value='5f1694a7013b167aef386364', description='null'}-localhost:61987] org.mongodb.driver.connection            : Opened connection [connectionId{localValue:3, serverValue:1}] to localhost:61987
2020-07-21 12:39:27.850  INFO 16876 --- [cluster-ClusterId{value='5f1694a7013b167aef386364', description='null'}-localhost:61987] org.mongodb.driver.cluster               : Monitor thread successfully connected to server with description ServerDescription{address=localhost:61987, type=STANDALONE, state=CONNECTED, ok=true, version=ServerVersion{versionList=[3, 5, 5]}, minWireVersion=0, maxWireVersion=5, maxDocumentSize=16777216, logicalSessionTimeoutMinutes=null, roundTripTimeNanos=1381000}
2020-07-21 12:39:27.851  INFO 16876 --- [cluster-ClusterId{value='5f1694a7013b167aef386364', description='null'}-localhost:61987] org.mongodb.driver.cluster               : Discovered cluster type of STANDALONE
2020-07-21 12:39:27.878  WARN 16876 --- [Test worker] o.s.data.convert.CustomConversions       : Registering converter from class java.time.LocalDateTime to class java.time.Instant as reading converter although it doesn't convert from a store-supported type! You might wanna check you annotation setup at the converter implementation.
2020-07-21 12:39:27.879  WARN 16876 --- [Test worker] o.s.data.convert.CustomConversions       : Registering converter from class java.time.Instant to class java.time.LocalDateTime as reading converter although it doesn't convert from a store-supported type! You might wanna check you annotation setup at the converter implementation.
2020-07-21 12:39:27.926  WARN 16876 --- [Test worker] o.s.data.convert.CustomConversions       : Registering converter from class java.time.LocalDateTime to class java.time.Instant as reading converter although it doesn't convert from a store-supported type! You might wanna check you annotation setup at the converter implementation.
2020-07-21 12:39:27.927  WARN 16876 --- [Test worker] o.s.data.convert.CustomConversions       : Registering converter from class java.time.Instant to class java.time.LocalDateTime as reading converter although it doesn't convert from a store-supported type! You might wanna check you annotation setup at the converter implementation.
2020-07-21 12:39:29.296  INFO 16876 --- [Test worker] o.s.s.concurrent.ThreadPoolTaskExecutor  : Initializing ExecutorService 'applicationTaskExecutor'
2020-07-21 12:39:29.977  INFO 16876 --- [Test worker] o.s.b.a.e.web.EndpointLinksResolver      : Exposing 2 endpoint(s) beneath base path '/actuator'
2020-07-21 12:39:30.065  INFO 16876 --- [Test worker] c.c.b.r.QuestionRepositoryServiceTest    : Started QuestionRepositoryServiceTest in 45.802 seconds (JVM running for 173.632)
2020-07-21 12:39:30.194  INFO 16876 --- [Thread-9] o.s.b.a.mongo.embedded.EmbeddedMongo     : 2020-07-21T12:39:30.195+0530 I NETWORK  [thread1] connection accepted from 127.0.0.1:61994 #2 (2 connections now open)
2020-07-21 12:39:30.195  INFO 16876 --- [Thread-9] o.s.b.a.mongo.embedded.EmbeddedMongo     : 2020-07-21T12:39:30.195+0530 I NETWORK  [conn2] received client metadata from 127.0.0.1:61994 conn2: { driver: { name: "mongo-java-driver|legacy", version: "3.11.1" }, os: { type: "Windows", name: "Windows 10", architecture: "amd64", version: "10.0" }, platform: "Java/Oracle Corporation/1.8.0_161-b12" }
2020-07-21 12:39:30.198  INFO 16876 --- [Test worker] org.mongodb.driver.connection            : Opened connection [connectionId{localValue:4, serverValue:2}] to localhost:61987
2020-07-21 12:39:31.080  INFO 16876 --- [Thread-9] o.s.b.a.mongo.embedded.EmbeddedMongo     : 2020-07-21T12:39:31.080+0530 I COMMAND  [conn2] CMD: drop quiz-database.question
2020-07-21 12:39:31.442  INFO 16876 --- [SpringContextShutdownHook] o.s.s.concurrent.ThreadPoolTaskExecutor  : Shutting down ExecutorService 'applicationTaskExecutor'
2020-07-21 12:39:31.445  INFO 16876 --- [SpringContextShutdownHook] org.mongodb.driver.connection            : Closed connection [connectionId{localValue:2, serverValue:2}] to localhost:61920 because the pool has been closed.
2020-07-21 12:39:31.446  INFO 16876 --- [SpringContextShutdownHook] org.mongodb.driver.connection            : Closed connection [connectionId{localValue:4, serverValue:2}] to localhost:61987 because the pool has been closed.
2020-07-21 12:39:31.452  INFO 16876 --- [Thread-6] o.s.b.a.mongo.embedded.EmbeddedMongo     : 2020-07-21T12:39:31.452+0530 I -        [conn1] end connection 127.0.0.1:61967 (2 connections now open)
2020-07-21 12:39:31.452  INFO 16876 --- [Thread-9] o.s.b.a.mongo.embedded.EmbeddedMongo     : 2020-07-21T12:39:31.452+0530 I -        [conn2] end connection 127.0.0.1:61994 (2 connections now open)
2020-07-21 12:39:31.452  INFO 16876 --- [Thread-6] o.s.b.a.mongo.embedded.EmbeddedMongo     : 2020-07-21T12:39:31.452+0530 I -        [conn2] end connection 127.0.0.1:61969 (2 connections now open)
2020-07-21 12:39:31.452  INFO 16876 --- [Thread-9] o.s.b.a.mongo.embedded.EmbeddedMongo     : 2020-07-21T12:39:31.452+0530 I -        [conn1] end connection 127.0.0.1:61993 (2 connections now open)
2020-07-21 12:39:31.457  INFO 16876 --- [Thread-9] o.s.b.a.mongo.embedded.EmbeddedMongo     : 2020-07-21T12:39:31.457+0530 I NETWORK  [thread1] connection accepted from 127.0.0.1:61996 #3 (1 connection now open)
2020-07-21 12:39:31.457  INFO 16876 --- [Thread-6] o.s.b.a.mongo.embedded.EmbeddedMongo     : 2020-07-21T12:39:31.458+0530 I NETWORK  [thread1] connection accepted from 127.0.0.1:61995 #3 (1 connection now open)
2020-07-21 12:39:31.460  INFO 16876 --- [Thread-6] o.s.b.a.mongo.embedded.EmbeddedMongo     : 2020-07-21T12:39:31.461+0530 I COMMAND  [conn3] terminating, shutdown command received
2020-07-21 12:39:31.460  INFO 16876 --- [Thread-9] o.s.b.a.mongo.embedded.EmbeddedMongo     : 2020-07-21T12:39:31.461+0530 I COMMAND  [conn3] terminating, shutdown command received
2020-07-21 12:39:31.461  INFO 16876 --- [Thread-9] o.s.b.a.mongo.embedded.EmbeddedMongo     : 2020-07-21T12:39:31.461+0530 I NETWORK  [conn3] shutdown: going to close listening sockets...
2020-07-21 12:39:31.461  INFO 16876 --- [Thread-6] o.s.b.a.mongo.embedded.EmbeddedMongo     : 2020-07-21T12:39:31.461+0530 I NETWORK  [conn3] shutdown: going to close listening sockets...
2020-07-21 12:39:31.461  INFO 16876 --- [Thread-9] o.s.b.a.mongo.embedded.EmbeddedMongo     : 2020-07-21T12:39:31.461+0530 I NETWORK  [conn3] closing listening socket: 528
2020-07-21 12:39:31.461  INFO 16876 --- [Thread-6] o.s.b.a.mongo.embedded.EmbeddedMongo     : 2020-07-21T12:39:31.461+0530 I NETWORK  [conn3] closing listening socket: 532
2020-07-21 12:39:31.462  INFO 16876 --- [Thread-9] o.s.b.a.mongo.embedded.EmbeddedMongo     : 2020-07-21T12:39:31.462+0530 I NETWORK  [conn3] shutdown: going to flush diaglog...
2020-07-21 12:39:31.462  INFO 16876 --- [Thread-6] o.s.b.a.mongo.embedded.EmbeddedMongo     : 2020-07-21T12:39:31.462+0530 I NETWORK  [conn3] shutdown: going to flush diaglog...
2020-07-21 12:39:31.462  INFO 16876 --- [Thread-9] o.s.b.a.mongo.embedded.EmbeddedMongo     : 2020-07-21T12:39:31.462+0530 I FTDC     [conn3] Shutting down full-time diagnostic data capture
2020-07-21 12:39:31.462  INFO 16876 --- [Thread-6] o.s.b.a.mongo.embedded.EmbeddedMongo     : 2020-07-21T12:39:31.463+0530 I FTDC     [conn3] Shutting down full-time diagnostic data capture
2020-07-21 12:39:31.465  INFO 16876 --- [Thread-9] o.s.b.a.mongo.embedded.EmbeddedMongo     : 2020-07-21T12:39:31.465+0530 I STORAGE  [conn3] WiredTigerKVEngine shutting down
2020-07-21 12:39:31.468  INFO 16876 --- [Thread-6] o.s.b.a.mongo.embedded.EmbeddedMongo     : 2020-07-21T12:39:31.468+0530 I STORAGE  [conn3] WiredTigerKVEngine shutting down
2020-07-21 12:39:31.500  INFO 16876 --- [Thread-6] o.s.b.a.mongo.embedded.EmbeddedMongo     : 2020-07-21T12:39:31.501+0530 I STORAGE  [conn3] shutdown: removing fs lock...
2020-07-21 12:39:31.501  INFO 16876 --- [Thread-6] o.s.b.a.mongo.embedded.EmbeddedMongo     : 2020-07-21T12:39:31.501+0530 I CONTROL  [conn3] now exiting
2020-07-21 12:39:31.501  INFO 16876 --- [Thread-6] o.s.b.a.mongo.embedded.EmbeddedMongo     : 2020-07-21T12:39:31.501+0530 I CONTROL  [conn3] shutting down with code:0
2020-07-21 12:39:31.502  INFO 16876 --- [Thread-6] o.s.b.a.mongo.embedded.EmbeddedMongo     : 2020-07-21T12:39:31.501+0530 I CONTROL  [initandlisten] shutting down with code:0
2020-07-21 12:39:31.632  INFO 16876 --- [Thread-9] o.s.b.a.mongo.embedded.EmbeddedMongo     : 2020-07-21T12:39:31.632+0530 I STORAGE  [conn3] shutdown: removing fs lock...
2020-07-21 12:39:31.633  INFO 16876 --- [Thread-9] o.s.b.a.mongo.embedded.EmbeddedMongo     : 2020-07-21T12:39:31.633+0530 I CONTROL  [conn3] now exiting
2020-07-21 12:39:31.634  INFO 16876 --- [Thread-9] o.s.b.a.mongo.embedded.EmbeddedMongo     : 2020-07-21T12:39:31.633+0530 I CONTROL  [conn3] shutting down with code:0
2020-07-21 12:39:31.643  INFO 16876 --- [Thread-9] o.s.b.a.mongo.embedded.EmbeddedMongo     : 2020-07-21T12:39:31.633+0530 I CONTROL  [initandlisten] shutting down with code:0
2020-07-21 12:39:31.867  INFO 16876 --- [SpringContextShutdownHook] o.s.s.concurrent.ThreadPoolTaskExecutor  : Shutting down ExecutorService 'applicationTaskExecutor'
